30/04/2017 21:25:31 (Std) 	+-+-+-+-+-+-+-+-+-+-+-+-+-+-+-+-+-+-+-+-+-+-+-+-+-+-+-+-+-+-+-+-+-+-+-+-+-+-+-+
30/04/2017 21:25:31 (Std) 	+                     Crazy Eddie's GUI System - Event log                    +
30/04/2017 21:25:31 (Std) 	+                          (http://www.cegui.org.uk/)                         +
30/04/2017 21:25:31 (Std) 	+-+-+-+-+-+-+-+-+-+-+-+-+-+-+-+-+-+-+-+-+-+-+-+-+-+-+-+-+-+-+-+-+-+-+-+-+-+-+-+

30/04/2017 21:25:31 (Std) 	CEGUI::Logger singleton created. (00000000009323d0)
30/04/2017 21:25:31 (Std) 	
30/04/2017 21:25:31 (Std) 	********************************************************************************
30/04/2017 21:25:31 (Std) 	* Important:                                                                   *
30/04/2017 21:25:31 (Std) 	*     To get support at the CEGUI forums, you must post _at least_ the section *
30/04/2017 21:25:31 (Std) 	*     of this log file indicated below.  Failure to do this will result in no  *
30/04/2017 21:25:31 (Std) 	*     support being given; please do not waste our time.                       *
30/04/2017 21:25:31 (Std) 	********************************************************************************
30/04/2017 21:25:31 (Std) 	********************************************************************************
30/04/2017 21:25:31 (Std) 	* -------- START OF ESSENTIAL SECTION TO BE POSTED ON THE FORUM       -------- *
30/04/2017 21:25:31 (Std) 	********************************************************************************
30/04/2017 21:25:31 (Std) 	---- Version: 0.8.7 (Build: Apr  4 2017 Microsoft Windows g++ 5.1.0 32 bit) ----
30/04/2017 21:25:31 (Std) 	---- Renderer module is: CEGUI::OgreRenderer - Official OGRE based 2nd generation renderer module. ----
30/04/2017 21:25:31 (Std) 	---- XML Parser module is: CEGUI::TinyXMLParser - Official tinyXML based parser module for CEGUI ----
30/04/2017 21:25:31 (Std) 	---- Image Codec module is: OgreImageCodec - Integrated ImageCodec using the Ogre engine. ----
30/04/2017 21:25:31 (Std) 	---- Scripting module is: None ----
30/04/2017 21:25:31 (Std) 	********************************************************************************
30/04/2017 21:25:31 (Std) 	* -------- END OF ESSENTIAL SECTION TO BE POSTED ON THE FORUM         -------- *
30/04/2017 21:25:31 (Std) 	********************************************************************************
30/04/2017 21:25:31 (Std) 	
30/04/2017 21:25:31 (Std) 	---- Begining CEGUI System initialisation ----
30/04/2017 21:25:31 (Std) 	[CEGUI::ImageManager] Singleton created (0000000000948460)
30/04/2017 21:25:31 (Std) 	[CEGUI::ImageManager] Registered Image type: BasicImage
30/04/2017 21:25:31 (Std) 	CEGUI::FontManager singleton created. (0000000000935280)
30/04/2017 21:25:31 (Std) 	CEGUI::WindowFactoryManager singleton created
30/04/2017 21:25:31 (Std) 	CEGUI::WindowManager singleton created (00000000009481e0)
30/04/2017 21:25:31 (Std) 	CEGUI::SchemeManager singleton created. (00000000009353b0)
30/04/2017 21:25:31 (Std) 	CEGUI::GlobalEventSet singleton created. (0000000000931130)
30/04/2017 21:25:31 (Std) 	CEGUI::AnimationManager singleton created (00000000009354e0)
30/04/2017 21:25:31 (Std) 	CEGUI::WidgetLookManager singleton created. (000000000094b970)
30/04/2017 21:25:31 (Std) 	CEGUI::WindowRendererManager singleton created (000000000094c0b0)
30/04/2017 21:25:31 (Std) 	CEGUI::RenderEffectManager singleton created (0000000000928880)
30/04/2017 21:25:31 (Std) 	Created WindowFactory for 'DefaultWindow' windows.
30/04/2017 21:25:31 (Std) 	WindowFactory for 'DefaultWindow' windows added. (00000000009495b0)
30/04/2017 21:25:31 (Std) 	Created WindowFactory for 'DragContainer' windows.
30/04/2017 21:25:31 (Std) 	WindowFactory for 'DragContainer' windows added. (0000000000948ef0)
30/04/2017 21:25:31 (Std) 	Created WindowFactory for 'ScrolledContainer' windows.
30/04/2017 21:25:31 (Std) 	WindowFactory for 'ScrolledContainer' windows added. (0000000000949670)
30/04/2017 21:25:31 (Std) 	Created WindowFactory for 'ClippedContainer' windows.
30/04/2017 21:25:31 (Std) 	WindowFactory for 'ClippedContainer' windows added. (00000000009492b0)
30/04/2017 21:25:31 (Std) 	Created WindowFactory for 'CEGUI/PushButton' windows.
30/04/2017 21:25:31 (Std) 	WindowFactory for 'CEGUI/PushButton' windows added. (0000000000948d70)
30/04/2017 21:25:31 (Std) 	Created WindowFactory for 'CEGUI/RadioButton' windows.
30/04/2017 21:25:31 (Std) 	WindowFactory for 'CEGUI/RadioButton' windows added. (0000000000948fb0)
30/04/2017 21:25:31 (Std) 	Created WindowFactory for 'CEGUI/Combobox' windows.
30/04/2017 21:25:31 (Std) 	WindowFactory for 'CEGUI/Combobox' windows added. (0000000000948a70)
30/04/2017 21:25:31 (Std) 	Created WindowFactory for 'CEGUI/ComboDropList' windows.
30/04/2017 21:25:31 (Std) 	WindowFactory for 'CEGUI/ComboDropList' windows added. (0000000000949070)
30/04/2017 21:25:31 (Std) 	Created WindowFactory for 'CEGUI/Editbox' windows.
30/04/2017 21:25:31 (Std) 	WindowFactory for 'CEGUI/Editbox' windows added. (0000000000949130)
30/04/2017 21:25:31 (Std) 	Created WindowFactory for 'CEGUI/FrameWindow' windows.
30/04/2017 21:25:31 (Std) 	WindowFactory for 'CEGUI/FrameWindow' windows added. (0000000000949730)
30/04/2017 21:25:31 (Std) 	Created WindowFactory for 'CEGUI/ItemEntry' windows.
30/04/2017 21:25:31 (Std) 	WindowFactory for 'CEGUI/ItemEntry' windows added. (00000000009491f0)
30/04/2017 21:25:31 (Std) 	Created WindowFactory for 'CEGUI/Listbox' windows.
30/04/2017 21:25:31 (Std) 	WindowFactory for 'CEGUI/Listbox' windows added. (0000000000948b30)
30/04/2017 21:25:31 (Std) 	Created WindowFactory for 'CEGUI/ListHeader' windows.
30/04/2017 21:25:31 (Std) 	WindowFactory for 'CEGUI/ListHeader' windows added. (00000000009497f0)
30/04/2017 21:25:31 (Std) 	Created WindowFactory for 'CEGUI/ListHeaderSegment' windows.
30/04/2017 21:25:31 (Std) 	WindowFactory for 'CEGUI/ListHeaderSegment' windows added. (00000000009498b0)
30/04/2017 21:25:31 (Std) 	Created WindowFactory for 'CEGUI/Menubar' windows.
30/04/2017 21:25:31 (Std) 	WindowFactory for 'CEGUI/Menubar' windows added. (000000000094fd20)
30/04/2017 21:25:31 (Std) 	Created WindowFactory for 'CEGUI/PopupMenu' windows.
30/04/2017 21:25:31 (Std) 	WindowFactory for 'CEGUI/PopupMenu' windows added. (000000000094f8a0)
30/04/2017 21:25:31 (Std) 	Created WindowFactory for 'CEGUI/MenuItem' windows.
30/04/2017 21:25:31 (Std) 	WindowFactory for 'CEGUI/MenuItem' windows added. (000000000094f720)
30/04/2017 21:25:31 (Std) 	Created WindowFactory for 'CEGUI/MultiColumnList' windows.
30/04/2017 21:25:31 (Std) 	WindowFactory for 'CEGUI/MultiColumnList' windows added. (0000000000950020)
30/04/2017 21:25:31 (Std) 	Created WindowFactory for 'CEGUI/MultiLineEditbox' windows.
30/04/2017 21:25:31 (Std) 	WindowFactory for 'CEGUI/MultiLineEditbox' windows added. (0000000000950c20)
30/04/2017 21:25:31 (Std) 	Created WindowFactory for 'CEGUI/ProgressBar' windows.
30/04/2017 21:25:31 (Std) 	WindowFactory for 'CEGUI/ProgressBar' windows added. (000000000094f660)
30/04/2017 21:25:31 (Std) 	Created WindowFactory for 'CEGUI/ScrollablePane' windows.
30/04/2017 21:25:31 (Std) 	WindowFactory for 'CEGUI/ScrollablePane' windows added. (00000000009500e0)
30/04/2017 21:25:31 (Std) 	Created WindowFactory for 'CEGUI/Scrollbar' windows.
30/04/2017 21:25:31 (Std) 	WindowFactory for 'CEGUI/Scrollbar' windows added. (0000000000950260)
30/04/2017 21:25:31 (Std) 	Created WindowFactory for 'CEGUI/Slider' windows.
30/04/2017 21:25:31 (Std) 	WindowFactory for 'CEGUI/Slider' windows added. (000000000094fde0)
30/04/2017 21:25:31 (Std) 	Created WindowFactory for 'CEGUI/Spinner' windows.
30/04/2017 21:25:31 (Std) 	WindowFactory for 'CEGUI/Spinner' windows added. (000000000094fa20)
30/04/2017 21:25:31 (Std) 	Created WindowFactory for 'CEGUI/TabButton' windows.
30/04/2017 21:25:31 (Std) 	WindowFactory for 'CEGUI/TabButton' windows added. (000000000094f7e0)
30/04/2017 21:25:31 (Std) 	Created WindowFactory for 'CEGUI/TabControl' windows.
30/04/2017 21:25:31 (Std) 	WindowFactory for 'CEGUI/TabControl' windows added. (0000000000950920)
30/04/2017 21:25:31 (Std) 	Created WindowFactory for 'CEGUI/Thumb' windows.
30/04/2017 21:25:31 (Std) 	WindowFactory for 'CEGUI/Thumb' windows added. (000000000094ff60)
30/04/2017 21:25:31 (Std) 	Created WindowFactory for 'CEGUI/Titlebar' windows.
30/04/2017 21:25:31 (Std) 	WindowFactory for 'CEGUI/Titlebar' windows added. (000000000094f4e0)
30/04/2017 21:25:31 (Std) 	Created WindowFactory for 'CEGUI/ToggleButton' windows.
30/04/2017 21:25:31 (Std) 	WindowFactory for 'CEGUI/ToggleButton' windows added. (00000000009507a0)
30/04/2017 21:25:31 (Std) 	Created WindowFactory for 'CEGUI/Tooltip' windows.
30/04/2017 21:25:31 (Std) 	WindowFactory for 'CEGUI/Tooltip' windows added. (000000000094f120)
30/04/2017 21:25:31 (Std) 	Created WindowFactory for 'CEGUI/ItemListbox' windows.
30/04/2017 21:25:31 (Std) 	WindowFactory for 'CEGUI/ItemListbox' windows added. (0000000000950860)
30/04/2017 21:25:31 (Std) 	Created WindowFactory for 'CEGUI/GroupBox' windows.
30/04/2017 21:25:31 (Std) 	WindowFactory for 'CEGUI/GroupBox' windows added. (0000000000950b60)
30/04/2017 21:25:31 (Std) 	Created WindowFactory for 'CEGUI/Tree' windows.
30/04/2017 21:25:31 (Std) 	WindowFactory for 'CEGUI/Tree' windows added. (00000000009504a0)
30/04/2017 21:25:31 (Std) 	Created WindowFactory for 'LayoutCell' windows.
30/04/2017 21:25:31 (Std) 	WindowFactory for 'LayoutCell' windows added. (00000000009501a0)
30/04/2017 21:25:31 (Std) 	Created WindowFactory for 'HorizontalLayoutContainer' windows.
30/04/2017 21:25:31 (Std) 	WindowFactory for 'HorizontalLayoutContainer' windows added. (000000000094f2a0)
30/04/2017 21:25:31 (Std) 	Created WindowFactory for 'VerticalLayoutContainer' windows.
30/04/2017 21:25:31 (Std) 	WindowFactory for 'VerticalLayoutContainer' windows added. (000000000094f5a0)
30/04/2017 21:25:31 (Std) 	Created WindowFactory for 'GridLayoutContainer' windows.
30/04/2017 21:25:31 (Std) 	WindowFactory for 'GridLayoutContainer' windows added. (000000000094fea0)
30/04/2017 21:25:31 (Std) 	CEGUI::System singleton created. (0000000000927d40)
30/04/2017 21:25:31 (Std) 	---- CEGUI System initialisation completed ----
30/04/2017 21:25:31 (Std) 	
30/04/2017 21:25:32 (Std) 	Started creation of Scheme from XML specification:
30/04/2017 21:25:32 (Std) 	---- CEGUI GUIScheme name: TaharezLook
30/04/2017 21:25:32 (Std) 	[ImageManager] Started creation of Imageset from XML specification:
30/04/2017 21:25:32 (Std) 	[ImageManager] ---- CEGUI Imageset name: TaharezLook
30/04/2017 21:25:32 (Std) 	[ImageManager] ---- Source texture file: TaharezLook.png
30/04/2017 21:25:32 (Std) 	[ImageManager] ---- Source texture resource group: (Default)
30/04/2017 21:25:32 (Std) 	[OgreRenderer] Created texture: TaharezLook
30/04/2017 21:25:32 (Std) 	[ImageManager] Created image: 'TaharezLook/ClientBrush' (000000000098e350) of type: BasicImage
30/04/2017 21:25:32 (Std) 	[ImageManager] Created image: 'TaharezLook/GenericBrush' (000000000098e560) of type: BasicImage
30/04/2017 21:25:32 (Std) 	[ImageManager] Created image: 'TaharezLook/WindowLeftEdge' (000000000098e770) of type: BasicImage
30/04/2017 21:25:32 (Std) 	[ImageManager] Created image: 'TaharezLook/WindowRightEdge' (000000000098e980) of type: BasicImage
30/04/2017 21:25:32 (Std) 	[ImageManager] Created image: 'TaharezLook/WindowTopEdge' (000000000098de00) of type: BasicImage
30/04/2017 21:25:32 (Std) 	[ImageManager] Created image: 'TaharezLook/WindowBottomEdge' (000000000098e010) of type: BasicImage
30/04/2017 21:25:32 (Std) 	[ImageManager] Created image: 'TaharezLook/WindowTopLeft' (000000000098e220) of type: BasicImage
30/04/2017 21:25:32 (Std) 	[ImageManager] Created image: 'TaharezLook/WindowTopRight' (0000000009780430) of type: BasicImage
30/04/2017 21:25:32 (Std) 	[ImageManager] Created image: 'TaharezLook/WindowBottomLeft' (0000000009780640) of type: BasicImage
30/04/2017 21:25:32 (Std) 	[ImageManager] Created image: 'TaharezLook/WindowBottomRight' (0000000009780850) of type: BasicImage
30/04/2017 21:25:32 (Std) 	[ImageManager] Created image: 'TaharezLook/ButtonLeftNormal' (00000000097d9360) of type: BasicImage
30/04/2017 21:25:32 (Std) 	[ImageManager] Created image: 'TaharezLook/ButtonMiddleNormal' (00000000097d9480) of type: BasicImage
30/04/2017 21:25:32 (Std) 	[ImageManager] Created image: 'TaharezLook/ButtonRightNormal' (00000000097d9690) of type: BasicImage
30/04/2017 21:25:32 (Std) 	[ImageManager] Created image: 'TaharezLook/ButtonLeftPushed' (00000000097d98a0) of type: BasicImage
30/04/2017 21:25:32 (Std) 	[ImageManager] Created image: 'TaharezLook/ButtonMiddlePushed' (00000000097da9d0) of type: BasicImage
30/04/2017 21:25:32 (Std) 	[ImageManager] Created image: 'TaharezLook/ButtonRightPushed' (00000000097dad80) of type: BasicImage
30/04/2017 21:25:32 (Std) 	[ImageManager] Created image: 'TaharezLook/ButtonLeftHighlight' (00000000097daea0) of type: BasicImage
30/04/2017 21:25:32 (Std) 	[ImageManager] Created image: 'TaharezLook/ButtonMiddleHighlight' (00000000097db440) of type: BasicImage
30/04/2017 21:25:32 (Std) 	[ImageManager] Created image: 'TaharezLook/ButtonRightHighlight' (00000000097dafc0) of type: BasicImage
30/04/2017 21:25:32 (Std) 	[ImageManager] Created image: 'TaharezLook/CheckboxNormal' (00000000097db680) of type: BasicImage
30/04/2017 21:25:32 (Std) 	[ImageManager] Created image: 'TaharezLook/CheckboxHover' (00000000097db7a0) of type: BasicImage
30/04/2017 21:25:32 (Std) 	[ImageManager] Created image: 'TaharezLook/CheckboxMark' (00000000097dab40) of type: BasicImage
30/04/2017 21:25:32 (Std) 	[ImageManager] Created image: 'TaharezLook/RadioButtonNormal' (00000000097db0e0) of type: BasicImage
30/04/2017 21:25:32 (Std) 	[ImageManager] Created image: 'TaharezLook/RadioButtonHover' (00000000097db320) of type: BasicImage
30/04/2017 21:25:32 (Std) 	[ImageManager] Created image: 'TaharezLook/RadioButtonMark' (00000000097db8c0) of type: BasicImage
30/04/2017 21:25:32 (Std) 	[ImageManager] Created image: 'TaharezLook/TitlebarLeft' (00000000097db560) of type: BasicImage
30/04/2017 21:25:32 (Std) 	[ImageManager] Created image: 'TaharezLook/TitlebarMiddle' (00000000097db200) of type: BasicImage
30/04/2017 21:25:32 (Std) 	[ImageManager] Created image: 'TaharezLook/TitlebarRight' (00000000097dac60) of type: BasicImage
30/04/2017 21:25:32 (Std) 	[ImageManager] Created image: 'TaharezLook/NewTitlebarLeft' (00000000097dbeb0) of type: BasicImage
30/04/2017 21:25:32 (Std) 	[ImageManager] Created image: 'TaharezLook/NewTitlebarMiddle' (00000000097dd1d0) of type: BasicImage
30/04/2017 21:25:32 (Std) 	[ImageManager] Created image: 'TaharezLook/NewTitlebarRight' (00000000097dc690) of type: BasicImage
30/04/2017 21:25:32 (Std) 	[ImageManager] Created image: 'TaharezLook/SysAreaMiddle' (00000000097dd530) of type: BasicImage
30/04/2017 21:25:32 (Std) 	[ImageManager] Created image: 'TaharezLook/SysAreaRight' (00000000097dd9b0) of type: BasicImage
30/04/2017 21:25:32 (Std) 	[ImageManager] Created image: 'TaharezLook/StaticLeft' (00000000097dbb50) of type: BasicImage
30/04/2017 21:25:32 (Std) 	[ImageManager] Created image: 'TaharezLook/StaticRight' (00000000097dd2f0) of type: BasicImage
30/04/2017 21:25:32 (Std) 	[ImageManager] Created image: 'TaharezLook/StaticTop' (00000000097dcd50) of type: BasicImage
30/04/2017 21:25:32 (Std) 	[ImageManager] Created image: 'TaharezLook/StaticBottom' (00000000097dd410) of type: BasicImage
30/04/2017 21:25:32 (Std) 	[ImageManager] Created image: 'TaharezLook/StaticTopLeft' (00000000097dbc70) of type: BasicImage
30/04/2017 21:25:32 (Std) 	[ImageManager] Created image: 'TaharezLook/StaticTopRight' (00000000097dd650) of type: BasicImage
30/04/2017 21:25:32 (Std) 	[ImageManager] Created image: 'TaharezLook/StaticBottomLeft' (00000000097dbd90) of type: BasicImage
30/04/2017 21:25:32 (Std) 	[ImageManager] Created image: 'TaharezLook/StaticBottomRight' (00000000097dc9f0) of type: BasicImage
30/04/2017 21:25:32 (Std) 	[ImageManager] Created image: 'TaharezLook/StaticBackdrop' (00000000097dc330) of type: BasicImage
30/04/2017 21:25:32 (Std) 	[ImageManager] Created image: 'TaharezLook/ProgressBarLeft' (00000000097dcf90) of type: BasicImage
30/04/2017 21:25:32 (Std) 	[ImageManager] Created image: 'TaharezLook/ProgressBarMiddle' (00000000097dce70) of type: BasicImage
30/04/2017 21:25:32 (Std) 	[ImageManager] Created image: 'TaharezLook/ProgressBarRight' (00000000097dd770) of type: BasicImage
30/04/2017 21:25:32 (Std) 	[ImageManager] Created image: 'TaharezLook/ProgressBarDimSegment' (00000000097dc8d0) of type: BasicImage
30/04/2017 21:25:32 (Std) 	[ImageManager] Created image: 'TaharezLook/ProgressBarLitSegment' (00000000097dbfd0) of type: BasicImage
30/04/2017 21:25:32 (Std) 	[ImageManager] Created image: 'TaharezLook/EditBoxLeft' (00000000097dc0f0) of type: BasicImage
30/04/2017 21:25:32 (Std) 	[ImageManager] Created image: 'TaharezLook/EditBoxMiddle' (00000000097dd890) of type: BasicImage
30/04/2017 21:25:32 (Std) 	[ImageManager] Created image: 'TaharezLook/EditBoxRight' (00000000097dd0b0) of type: BasicImage
30/04/2017 21:25:32 (Std) 	[ImageManager] Created image: 'TaharezLook/EditBoxCaret' (00000000097dc210) of type: BasicImage
30/04/2017 21:25:32 (Std) 	[ImageManager] Created image: 'TaharezLook/SpinnerUpNormal' (00000000097dcb10) of type: BasicImage
30/04/2017 21:25:32 (Std) 	[ImageManager] Created image: 'TaharezLook/SpinnerDownNormal' (00000000097dc450) of type: BasicImage
30/04/2017 21:25:32 (Std) 	[ImageManager] Created image: 'TaharezLook/SpinnerUpHover' (00000000097dc570) of type: BasicImage
30/04/2017 21:25:32 (Std) 	[ImageManager] Created image: 'TaharezLook/SpinnerDownHover' (00000000097dc7b0) of type: BasicImage
30/04/2017 21:25:32 (Std) 	[ImageManager] Created image: 'TaharezLook/TextSelectionBrush' (00000000097dcc30) of type: BasicImage
30/04/2017 21:25:32 (Std) 	[ImageManager] Created image: 'TaharezLook/VertScrollTop' (00000000097e0b30) of type: BasicImage
30/04/2017 21:25:32 (Std) 	[ImageManager] Created image: 'TaharezLook/VertScrollMiddle' (00000000097e18b0) of type: BasicImage
30/04/2017 21:25:32 (Std) 	[ImageManager] Created image: 'TaharezLook/VertScrollBottom' (00000000097e1310) of type: BasicImage
30/04/2017 21:25:32 (Std) 	[ImageManager] Created image: 'TaharezLook/VertScrollBarSegment' (00000000097e0e90) of type: BasicImage
30/04/2017 21:25:32 (Std) 	[ImageManager] Created image: 'TaharezLook/VertScrollThumbNormal' (00000000097e0d70) of type: BasicImage
30/04/2017 21:25:32 (Std) 	[ImageManager] Created image: 'TaharezLook/VertScrollThumbHover' (00000000097e0110) of type: BasicImage
30/04/2017 21:25:32 (Std) 	[ImageManager] Created image: 'TaharezLook/VertScrollUpNormal' (00000000097e0350) of type: BasicImage
30/04/2017 21:25:32 (Std) 	[ImageManager] Created image: 'TaharezLook/VertScrollDownNormal' (00000000097e0470) of type: BasicImage
30/04/2017 21:25:32 (Std) 	[ImageManager] Created image: 'TaharezLook/VertScrollUpHover' (00000000097e06b0) of type: BasicImage
30/04/2017 21:25:32 (Std) 	[ImageManager] Created image: 'TaharezLook/VertScrollDownHover' (00000000097e1550) of type: BasicImage
30/04/2017 21:25:32 (Std) 	[ImageManager] Created image: 'TaharezLook/MiniVertScrollBarSegment' (00000000097e0230) of type: BasicImage
30/04/2017 21:25:32 (Std) 	[ImageManager] Created image: 'TaharezLook/MiniVertScrollThumbNormal' (00000000097e0590) of type: BasicImage
30/04/2017 21:25:32 (Std) 	[ImageManager] Created image: 'TaharezLook/MiniVertScrollThumbTopNormal' (00000000097e08f0) of type: BasicImage
30/04/2017 21:25:32 (Std) 	[ImageManager] Created image: 'TaharezLook/MiniVertScrollThumbMiddleNormal' (00000000097e1790) of type: BasicImage
30/04/2017 21:25:32 (Std) 	[ImageManager] Created image: 'TaharezLook/MiniVertScrollThumbBottomNormal' (00000000097dfdb0) of type: BasicImage
30/04/2017 21:25:32 (Std) 	[ImageManager] Created image: 'TaharezLook/MiniVertScrollThumbTopHover' (00000000097e1670) of type: BasicImage
30/04/2017 21:25:32 (Std) 	[ImageManager] Created image: 'TaharezLook/MiniVertScrollThumbMiddleHover' (00000000097e07d0) of type: BasicImage
30/04/2017 21:25:32 (Std) 	[ImageManager] Created image: 'TaharezLook/MiniVertScrollThumbBottomHover' (00000000097e10d0) of type: BasicImage
30/04/2017 21:25:32 (Std) 	[ImageManager] Created image: 'TaharezLook/MiniVertScrollThumbHover' (00000000097e0c50) of type: BasicImage
30/04/2017 21:25:32 (Std) 	[ImageManager] Created image: 'TaharezLook/MiniVertScrollUpNormal' (00000000097e0a10) of type: BasicImage
30/04/2017 21:25:32 (Std) 	[ImageManager] Created image: 'TaharezLook/MiniVertScrollDownNormal' (00000000097e19d0) of type: BasicImage
30/04/2017 21:25:32 (Std) 	[ImageManager] Created image: 'TaharezLook/MiniVertScrollUpHover' (00000000097e0fb0) of type: BasicImage
30/04/2017 21:25:32 (Std) 	[ImageManager] Created image: 'TaharezLook/MiniVertScrollDownHover' (00000000097e11f0) of type: BasicImage
30/04/2017 21:25:32 (Std) 	[ImageManager] Created image: 'TaharezLook/VertSliderBody' (00000000097dfb70) of type: BasicImage
30/04/2017 21:25:32 (Std) 	[ImageManager] Created image: 'TaharezLook/VertSliderThumbNormal' (00000000097e1430) of type: BasicImage
30/04/2017 21:25:32 (Std) 	[ImageManager] Created image: 'TaharezLook/VertSliderThumbHover' (00000000097dfc90) of type: BasicImage
30/04/2017 21:25:32 (Std) 	[ImageManager] Created image: 'TaharezLook/MiniHorzScrollBarSegment' (00000000097dfed0) of type: BasicImage
30/04/2017 21:25:32 (Std) 	[ImageManager] Created image: 'TaharezLook/MiniHorzScrollThumbNormal' (00000000097dfff0) of type: BasicImage
30/04/2017 21:25:32 (Std) 	[ImageManager] Created image: 'TaharezLook/MiniHorzScrollThumbLeftNormal' (0000000009827500) of type: BasicImage
30/04/2017 21:25:32 (Std) 	[ImageManager] Created image: 'TaharezLook/MiniHorzScrollThumbMiddleNormal' (0000000009828700) of type: BasicImage
30/04/2017 21:25:32 (Std) 	[ImageManager] Created image: 'TaharezLook/MiniHorzScrollThumbRightNormal' (00000000098284c0) of type: BasicImage
30/04/2017 21:25:32 (Std) 	[ImageManager] Created image: 'TaharezLook/MiniHorzScrollThumbHover' (0000000009828160) of type: BasicImage
30/04/2017 21:25:32 (Std) 	[ImageManager] Created image: 'TaharezLook/MiniHorzScrollThumbLeftHover' (0000000009829120) of type: BasicImage
30/04/2017 21:25:32 (Std) 	[ImageManager] Created image: 'TaharezLook/MiniHorzScrollThumbMiddleHover' (00000000098285e0) of type: BasicImage
30/04/2017 21:25:32 (Std) 	[ImageManager] Created image: 'TaharezLook/MiniHorzScrollThumbRightHover' (0000000009827860) of type: BasicImage
30/04/2017 21:25:32 (Std) 	[ImageManager] Created image: 'TaharezLook/MiniHorzScrollLeftNormal' (0000000009827bc0) of type: BasicImage
30/04/2017 21:25:32 (Std) 	[ImageManager] Created image: 'TaharezLook/MiniHorzScrollRightNormal' (0000000009829240) of type: BasicImage
30/04/2017 21:25:32 (Std) 	[ImageManager] Created image: 'TaharezLook/MiniHorzScrollLeftHover' (0000000009827ce0) of type: BasicImage
30/04/2017 21:25:32 (Std) 	[ImageManager] Created image: 'TaharezLook/MiniHorzScrollRightHover' (0000000009828820) of type: BasicImage
30/04/2017 21:25:32 (Std) 	[ImageManager] Created image: 'TaharezLook/ListboxLeft' (0000000009827e00) of type: BasicImage
30/04/2017 21:25:32 (Std) 	[ImageManager] Created image: 'TaharezLook/ListboxRight' (0000000009828940) of type: BasicImage
30/04/2017 21:25:32 (Std) 	[ImageManager] Created image: 'TaharezLook/ListboxTop' (0000000009828dc0) of type: BasicImage
30/04/2017 21:25:32 (Std) 	[ImageManager] Created image: 'TaharezLook/ListboxBottom' (0000000009827f20) of type: BasicImage
30/04/2017 21:25:32 (Std) 	[ImageManager] Created image: 'TaharezLook/ListboxTopLeft' (00000000098273e0) of type: BasicImage
30/04/2017 21:25:32 (Std) 	[ImageManager] Created image: 'TaharezLook/ListboxTopRight' (0000000009828a60) of type: BasicImage
30/04/2017 21:25:32 (Std) 	[ImageManager] Created image: 'TaharezLook/ListboxBottomLeft' (0000000009827740) of type: BasicImage
30/04/2017 21:25:32 (Std) 	[ImageManager] Created image: 'TaharezLook/ListboxBottomRight' (0000000009828b80) of type: BasicImage
30/04/2017 21:25:32 (Std) 	[ImageManager] Created image: 'TaharezLook/ListboxBackdrop' (0000000009828ca0) of type: BasicImage
30/04/2017 21:25:32 (Std) 	[ImageManager] Created image: 'TaharezLook/ListboxSelectionBrush' (0000000009828040) of type: BasicImage
30/04/2017 21:25:32 (Std) 	[ImageManager] Created image: 'TaharezLook/ComboboxEditLeft' (0000000009828280) of type: BasicImage
30/04/2017 21:25:32 (Std) 	[ImageManager] Created image: 'TaharezLook/ComboboxEditMiddle' (0000000009827980) of type: BasicImage
30/04/2017 21:25:32 (Std) 	[ImageManager] Created image: 'TaharezLook/ComboboxListButtonNormal' (0000000009828ee0) of type: BasicImage
30/04/2017 21:25:32 (Std) 	[ImageManager] Created image: 'TaharezLook/ComboboxListButtonHover' (0000000009829000) of type: BasicImage
30/04/2017 21:25:32 (Std) 	[ImageManager] Created image: 'TaharezLook/ComboboxListLeft' (0000000009827620) of type: BasicImage
30/04/2017 21:25:32 (Std) 	[ImageManager] Created image: 'TaharezLook/ComboboxListRight' (00000000098283a0) of type: BasicImage
30/04/2017 21:25:32 (Std) 	[ImageManager] Created image: 'TaharezLook/ComboboxListTop' (0000000009827aa0) of type: BasicImage
30/04/2017 21:25:32 (Std) 	[ImageManager] Created image: 'TaharezLook/ComboboxListBottom' (000000000982b760) of type: BasicImage
30/04/2017 21:25:32 (Std) 	[ImageManager] Created image: 'TaharezLook/ComboboxListTopLeft' (000000000982bf40) of type: BasicImage
30/04/2017 21:25:32 (Std) 	[ImageManager] Created image: 'TaharezLook/ComboboxListTopRight' (000000000982bbe0) of type: BasicImage
30/04/2017 21:25:32 (Std) 	[ImageManager] Created image: 'TaharezLook/ComboboxListBottomLeft' (000000000982ca80) of type: BasicImage
30/04/2017 21:25:32 (Std) 	[ImageManager] Created image: 'TaharezLook/ComboboxListBottomRight' (000000000982b9a0) of type: BasicImage
30/04/2017 21:25:32 (Std) 	[ImageManager] Created image: 'TaharezLook/ComboboxListBackdrop' (000000000982be20) of type: BasicImage
30/04/2017 21:25:32 (Std) 	[ImageManager] Created image: 'TaharezLook/ComboboxSelectionBrush' (000000000982c960) of type: BasicImage
30/04/2017 21:25:32 (Std) 	[ImageManager] Created image: 'TaharezLook/ComboboxDividerLeft' (000000000982bac0) of type: BasicImage
30/04/2017 21:25:32 (Std) 	[ImageManager] Created image: 'TaharezLook/ComboboxDividerMiddle' (000000000982c060) of type: BasicImage
30/04/2017 21:25:32 (Std) 	[ImageManager] Created image: 'TaharezLook/ComboboxDividerRight' (000000000982cf00) of type: BasicImage
30/04/2017 21:25:32 (Std) 	[ImageManager] Created image: 'TaharezLook/HeaderBarBackdropNormal' (000000000982d140) of type: BasicImage
30/04/2017 21:25:32 (Std) 	[ImageManager] Created image: 'TaharezLook/HeaderBarBackdropHover' (000000000982c2a0) of type: BasicImage
30/04/2017 21:25:32 (Std) 	[ImageManager] Created image: 'TaharezLook/HeaderBarSplitterNormal' (000000000982cba0) of type: BasicImage
30/04/2017 21:25:32 (Std) 	[ImageManager] Created image: 'TaharezLook/HeaderBarSplitterHover' (000000000982d020) of type: BasicImage
30/04/2017 21:25:32 (Std) 	[ImageManager] Created image: 'TaharezLook/HeaderBarSortUp' (000000000982ccc0) of type: BasicImage
30/04/2017 21:25:32 (Std) 	[ImageManager] Created image: 'TaharezLook/HeaderBarSortDown' (000000000982bd00) of type: BasicImage
30/04/2017 21:25:32 (Std) 	[ImageManager] Created image: 'TaharezLook/MultiListLeft' (000000000982c180) of type: BasicImage
30/04/2017 21:25:32 (Std) 	[ImageManager] Created image: 'TaharezLook/MultiListRight' (000000000982c3c0) of type: BasicImage
30/04/2017 21:25:32 (Std) 	[ImageManager] Created image: 'TaharezLook/MultiListTop' (000000000982cde0) of type: BasicImage
30/04/2017 21:25:32 (Std) 	[ImageManager] Created image: 'TaharezLook/MultiListBottom' (000000000982d260) of type: BasicImage
30/04/2017 21:25:32 (Std) 	[ImageManager] Created image: 'TaharezLook/MultiListTopLeft' (000000000982c4e0) of type: BasicImage
30/04/2017 21:25:32 (Std) 	[ImageManager] Created image: 'TaharezLook/MultiListTopRight' (000000000982b400) of type: BasicImage
30/04/2017 21:25:32 (Std) 	[ImageManager] Created image: 'TaharezLook/MultiListBottomLeft' (000000000982b880) of type: BasicImage
30/04/2017 21:25:32 (Std) 	[ImageManager] Created image: 'TaharezLook/MultiListBottomRight' (000000000982c600) of type: BasicImage
30/04/2017 21:25:32 (Std) 	[ImageManager] Created image: 'TaharezLook/MultiListBackdrop' (000000000982c720) of type: BasicImage
30/04/2017 21:25:32 (Std) 	[ImageManager] Created image: 'TaharezLook/MultiListSelectionBrush' (000000000982b520) of type: BasicImage
30/04/2017 21:25:32 (Std) 	[ImageManager] Created image: 'TaharezLook/AltProgressLeft' (000000000982b640) of type: BasicImage
30/04/2017 21:25:32 (Std) 	[ImageManager] Created image: 'TaharezLook/AltProgressMiddle' (000000000982c840) of type: BasicImage
30/04/2017 21:25:32 (Std) 	[ImageManager] Created image: 'TaharezLook/AltProgressRight' (0000000009831430) of type: BasicImage
30/04/2017 21:25:32 (Std) 	[ImageManager] Created image: 'TaharezLook/AltProgressQuarter' (0000000009831670) of type: BasicImage
30/04/2017 21:25:32 (Std) 	[ImageManager] Created image: 'TaharezLook/AltProgressHalf' (0000000009831790) of type: BasicImage
30/04/2017 21:25:32 (Std) 	[ImageManager] Created image: 'TaharezLook/AltProgressLight1' (00000000098318b0) of type: BasicImage
30/04/2017 21:25:32 (Std) 	[ImageManager] Created image: 'TaharezLook/AltProgressLight2' (0000000009832f30) of type: BasicImage
30/04/2017 21:25:32 (Std) 	[ImageManager] Created image: 'TaharezLook/AltProgressLight3' (00000000098319d0) of type: BasicImage
30/04/2017 21:25:32 (Std) 	[ImageManager] Created image: 'TaharezLook/AltProgressLight4' (0000000009833170) of type: BasicImage
30/04/2017 21:25:32 (Std) 	[ImageManager] Created image: 'TaharezLook/AltProgressLight5' (00000000098321b0) of type: BasicImage
30/04/2017 21:25:32 (Std) 	[ImageManager] Created image: 'TaharezLook/AltProgressLight6' (00000000098323f0) of type: BasicImage
30/04/2017 21:25:32 (Std) 	[ImageManager] Created image: 'TaharezLook/AltProgressLight7' (0000000009832ab0) of type: BasicImage
30/04/2017 21:25:32 (Std) 	[ImageManager] Created image: 'TaharezLook/AltProgressLight8' (0000000009831d30) of type: BasicImage
30/04/2017 21:25:32 (Std) 	[ImageManager] Created image: 'TaharezLook/AltProgressLight9' (00000000098322d0) of type: BasicImage
30/04/2017 21:25:32 (Std) 	[ImageManager] Created image: 'TaharezLook/AltProgressLight10' (0000000009831e50) of type: BasicImage
30/04/2017 21:25:32 (Std) 	[ImageManager] Created image: 'TaharezLook/CloseButtonNormal' (0000000009831f70) of type: BasicImage
30/04/2017 21:25:32 (Std) 	[ImageManager] Created image: 'TaharezLook/CloseButtonHover' (0000000009833290) of type: BasicImage
30/04/2017 21:25:32 (Std) 	[ImageManager] Created image: 'TaharezLook/CloseButtonPressed' (0000000009832510) of type: BasicImage
30/04/2017 21:25:32 (Std) 	[ImageManager] Created image: 'TaharezLook/NewCloseButtonNormal' (0000000009831af0) of type: BasicImage
30/04/2017 21:25:32 (Std) 	[ImageManager] Created image: 'TaharezLook/NewCloseButtonHover' (0000000009832870) of type: BasicImage
30/04/2017 21:25:32 (Std) 	[ImageManager] Created image: 'TaharezLook/NewCloseButtonPressed' (0000000009832090) of type: BasicImage
30/04/2017 21:25:32 (Std) 	[ImageManager] Created image: 'TaharezLook/MultiLineEditboxLeft' (0000000009832bd0) of type: BasicImage
30/04/2017 21:25:32 (Std) 	[ImageManager] Created image: 'TaharezLook/MultiLineEditboxRight' (0000000009832990) of type: BasicImage
30/04/2017 21:25:32 (Std) 	[ImageManager] Created image: 'TaharezLook/MultiLineEditboxTop' (0000000009831c10) of type: BasicImage
30/04/2017 21:25:32 (Std) 	[ImageManager] Created image: 'TaharezLook/MultiLineEditboxBottom' (0000000009832630) of type: BasicImage
30/04/2017 21:25:32 (Std) 	[ImageManager] Created image: 'TaharezLook/MultiLineEditboxTopLeft' (0000000009832750) of type: BasicImage
30/04/2017 21:25:32 (Std) 	[ImageManager] Created image: 'TaharezLook/MultiLineEditboxTopRight' (0000000009833050) of type: BasicImage
30/04/2017 21:25:32 (Std) 	[ImageManager] Created image: 'TaharezLook/MultiLineEditboxBottomLeft' (0000000009831550) of type: BasicImage
30/04/2017 21:25:32 (Std) 	[ImageManager] Created image: 'TaharezLook/MultiLineEditboxBottomRight' (0000000009832cf0) of type: BasicImage
30/04/2017 21:25:32 (Std) 	[ImageManager] Created image: 'TaharezLook/MultiLineEditboxBackdrop' (0000000009832e10) of type: BasicImage
30/04/2017 21:25:32 (Std) 	[ImageManager] Created image: 'TaharezLook/MultiLineEditboxSelectionBrush' (00000000098362f0) of type: BasicImage
30/04/2017 21:25:32 (Std) 	[ImageManager] Created image: 'TaharezLook/MouseTarget' (0000000009835c30) of type: BasicImage
30/04/2017 21:25:32 (Std) 	[ImageManager] Created image: 'TaharezLook/MouseArrow' (0000000009835450) of type: BasicImage
30/04/2017 21:25:32 (Std) 	[ImageManager] Created image: 'TaharezLook/MouseMoveCursor' (0000000009835e70) of type: BasicImage
30/04/2017 21:25:32 (Std) 	[ImageManager] Created image: 'TaharezLook/MouseNoSoCursor' (0000000009837070) of type: BasicImage
30/04/2017 21:25:32 (Std) 	[ImageManager] Created image: 'TaharezLook/MouseEsWeCursor' (0000000009835570) of type: BasicImage
30/04/2017 21:25:32 (Std) 	[ImageManager] Created image: 'TaharezLook/MouseNeSwCursor' (0000000009835690) of type: BasicImage
30/04/2017 21:25:32 (Std) 	[ImageManager] Created image: 'TaharezLook/MouseNwSeCursor' (0000000009836650) of type: BasicImage
30/04/2017 21:25:32 (Std) 	[ImageManager] Created image: 'TaharezLook/MouseTextBar' (0000000009836bf0) of type: BasicImage
30/04/2017 21:25:32 (Std) 	[ImageManager] Created image: 'TaharezLook/TabHorizontalFiller' (00000000098358d0) of type: BasicImage
30/04/2017 21:25:32 (Std) 	[ImageManager] Created image: 'TaharezLook/TabContentPaneUpperLeft' (00000000098359f0) of type: BasicImage
30/04/2017 21:25:32 (Std) 	[ImageManager] Created image: 'TaharezLook/TabContentPaneUpper' (0000000009835d50) of type: BasicImage
30/04/2017 21:25:32 (Std) 	[ImageManager] Created image: 'TaharezLook/TabContentPaneUpperRight' (0000000009835f90) of type: BasicImage
30/04/2017 21:25:32 (Std) 	[ImageManager] Created image: 'TaharezLook/TabContentPaneLeft' (0000000009837190) of type: BasicImage
30/04/2017 21:25:32 (Std) 	[ImageManager] Created image: 'TaharezLook/TabContentPaneRight' (0000000009836d10) of type: BasicImage
30/04/2017 21:25:32 (Std) 	[ImageManager] Created image: 'TaharezLook/TabContentPaneLower' (00000000098372b0) of type: BasicImage
30/04/2017 21:25:32 (Std) 	[ImageManager] Created image: 'TaharezLook/TabContentPaneLowerLeft' (00000000098357b0) of type: BasicImage
30/04/2017 21:25:32 (Std) 	[ImageManager] Created image: 'TaharezLook/TabContentPaneLowerRight' (0000000009836ad0) of type: BasicImage
30/04/2017 21:25:32 (Std) 	[ImageManager] Created image: 'TaharezLook/TabContentPaneMiddle' (0000000009835b10) of type: BasicImage
30/04/2017 21:25:32 (Std) 	[ImageManager] Created image: 'TaharezLook/TabButtonScrollLeftNormal' (0000000009836f50) of type: BasicImage
30/04/2017 21:25:32 (Std) 	[ImageManager] Created image: 'TaharezLook/TabButtonScrollRightNormal' (00000000098360b0) of type: BasicImage
30/04/2017 21:25:32 (Std) 	[ImageManager] Created image: 'TaharezLook/TabButtonScrollLeftHover' (00000000098361d0) of type: BasicImage
30/04/2017 21:25:32 (Std) 	[ImageManager] Created image: 'TaharezLook/TabButtonScrollRightHover' (0000000009836410) of type: BasicImage
30/04/2017 21:25:32 (Std) 	[ImageManager] Created image: 'TaharezLook/TabButtonLeftNormal' (0000000009836e30) of type: BasicImage
30/04/2017 21:25:32 (Std) 	[ImageManager] Created image: 'TaharezLook/TabButtonRightNormal' (0000000009836530) of type: BasicImage
30/04/2017 21:25:32 (Std) 	[ImageManager] Created image: 'TaharezLook/TabButtonUpperNormal' (0000000009836770) of type: BasicImage
30/04/2017 21:25:32 (Std) 	[ImageManager] Created image: 'TaharezLook/TabButtonLowerNormal' (0000000009836890) of type: BasicImage
30/04/2017 21:25:32 (Std) 	[ImageManager] Created image: 'TaharezLook/TabButtonUpperLeftNormal' (00000000098369b0) of type: BasicImage
30/04/2017 21:25:32 (Std) 	[ImageManager] Created image: 'TaharezLook/TabButtonUpperLeft2Normal' (000000000983ce60) of type: BasicImage
30/04/2017 21:25:32 (Std) 	[ImageManager] Created image: 'TaharezLook/TabButtonUpperRightNormal' (000000000983cf80) of type: BasicImage
30/04/2017 21:25:32 (Std) 	[ImageManager] Created image: 'TaharezLook/TabButtonLowerLeftNormal' (000000000983d1c0) of type: BasicImage
30/04/2017 21:25:32 (Std) 	[ImageManager] Created image: 'TaharezLook/TabButtonLowerRightNormal' (000000000983c200) of type: BasicImage
30/04/2017 21:25:32 (Std) 	[ImageManager] Created image: 'TaharezLook/TabButtonLowerRight2Normal' (000000000983bb40) of type: BasicImage
30/04/2017 21:25:32 (Std) 	[ImageManager] Created image: 'TaharezLook/TabButtonMiddleNormal' (000000000983c320) of type: BasicImage
30/04/2017 21:25:32 (Std) 	[ImageManager] Created image: 'TaharezLook/TabButtonLeftSelected' (000000000983bc60) of type: BasicImage
30/04/2017 21:25:32 (Std) 	[ImageManager] Created image: 'TaharezLook/TabButtonRightSelected' (000000000983d0a0) of type: BasicImage
30/04/2017 21:25:32 (Std) 	[ImageManager] Created image: 'TaharezLook/TabButtonUpperSelected' (000000000983cb00) of type: BasicImage
30/04/2017 21:25:32 (Std) 	[ImageManager] Created image: 'TaharezLook/TabButtonLowerSelected' (000000000983c440) of type: BasicImage
30/04/2017 21:25:32 (Std) 	[ImageManager] Created image: 'TaharezLook/TabButtonUpperLeftSelected' (000000000983b7e0) of type: BasicImage
30/04/2017 21:25:32 (Std) 	[ImageManager] Created image: 'TaharezLook/TabButtonUpperRightSelected' (000000000983c560) of type: BasicImage
30/04/2017 21:25:32 (Std) 	[ImageManager] Created image: 'TaharezLook/TabButtonLowerLeftSelected' (000000000983c0e0) of type: BasicImage
30/04/2017 21:25:32 (Std) 	[ImageManager] Created image: 'TaharezLook/TabButtonLowerRightSelected' (000000000983d2e0) of type: BasicImage
30/04/2017 21:25:32 (Std) 	[ImageManager] Created image: 'TaharezLook/TabButtonMiddleSelected' (000000000983b480) of type: BasicImage
30/04/2017 21:25:32 (Std) 	[ImageManager] Created image: 'TaharezLook/TooltipTopLeft' (000000000983c680) of type: BasicImage
30/04/2017 21:25:32 (Std) 	[ImageManager] Created image: 'TaharezLook/TooltipTopRight' (000000000983b5a0) of type: BasicImage
30/04/2017 21:25:32 (Std) 	[ImageManager] Created image: 'TaharezLook/TooltipBottomLeft' (000000000983c7a0) of type: BasicImage
30/04/2017 21:25:32 (Std) 	[ImageManager] Created image: 'TaharezLook/TooltipBottomRight' (000000000983bea0) of type: BasicImage
30/04/2017 21:25:32 (Std) 	[ImageManager] Created image: 'TaharezLook/TooltipLeftEdge' (000000000983b900) of type: BasicImage
30/04/2017 21:25:32 (Std) 	[ImageManager] Created image: 'TaharezLook/TooltipRightEdge' (000000000983cd40) of type: BasicImage
30/04/2017 21:25:32 (Std) 	[ImageManager] Created image: 'TaharezLook/TooltipTopEdge' (000000000983c8c0) of type: BasicImage
30/04/2017 21:25:32 (Std) 	[ImageManager] Created image: 'TaharezLook/TooltipBottomEdge' (000000000983b6c0) of type: BasicImage
30/04/2017 21:25:32 (Std) 	[ImageManager] Created image: 'TaharezLook/TooltipMiddle' (000000000983c9e0) of type: BasicImage
30/04/2017 21:25:32 (Std) 	[ImageManager] Created image: 'TaharezLook/MenuTopLeft' (000000000983cc20) of type: BasicImage
30/04/2017 21:25:32 (Std) 	[ImageManager] Created image: 'TaharezLook/MenuTopRight' (000000000983bd80) of type: BasicImage
30/04/2017 21:25:32 (Std) 	[ImageManager] Created image: 'TaharezLook/MenuBottomLeft' (000000000983ba20) of type: BasicImage
30/04/2017 21:25:32 (Std) 	[ImageManager] Created image: 'TaharezLook/MenuBottomRight' (000000000983bfc0) of type: BasicImage
30/04/2017 21:25:32 (Std) 	[ImageManager] Created image: 'TaharezLook/MenuLeft' (0000000009840460) of type: BasicImage
30/04/2017 21:25:32 (Std) 	[ImageManager] Created image: 'TaharezLook/MenuRight' (000000000983f5c0) of type: BasicImage
30/04/2017 21:25:32 (Std) 	[ImageManager] Created image: 'TaharezLook/MenuTop' (0000000009840220) of type: BasicImage
30/04/2017 21:25:32 (Std) 	[ImageManager] Created image: 'TaharezLook/MenuBottom' (00000000098406a0) of type: BasicImage
30/04/2017 21:25:32 (Std) 	[ImageManager] Created image: 'TaharezLook/MenuMiddle' (00000000098411e0) of type: BasicImage
30/04/2017 21:25:32 (Std) 	[ImageManager] Created image: 'TaharezLook/PopupMenuFrameTopLeft' (000000000983f800) of type: BasicImage
30/04/2017 21:25:32 (Std) 	[ImageManager] Created image: 'TaharezLook/PopupMenuFrameTopRight' (000000000983ffe0) of type: BasicImage
30/04/2017 21:25:32 (Std) 	[ImageManager] Created image: 'TaharezLook/PopupMenuFrameBottomLeft' (0000000009841300) of type: BasicImage
30/04/2017 21:25:32 (Std) 	[ImageManager] Created image: 'TaharezLook/PopupMenuFrameBottomRight' (000000000983fa40) of type: BasicImage
30/04/2017 21:25:32 (Std) 	[ImageManager] Created image: 'TaharezLook/PopupMenuFrameLeft' (000000000983f920) of type: BasicImage
30/04/2017 21:25:32 (Std) 	[ImageManager] Created image: 'TaharezLook/PopupMenuFrameRight' (0000000009840100) of type: BasicImage
30/04/2017 21:25:32 (Std) 	[ImageManager] Created image: 'TaharezLook/PopupMenuFrameTop' (000000000983f4a0) of type: BasicImage
30/04/2017 21:25:32 (Std) 	[ImageManager] Created image: 'TaharezLook/PopupMenuFrameBottom' (00000000098407c0) of type: BasicImage
30/04/2017 21:25:32 (Std) 	[ImageManager] Created image: 'TaharezLook/PopupMenuMiddle' (0000000009840c40) of type: BasicImage
30/04/2017 21:25:32 (Std) 	[ImageManager] Created image: 'TaharezLook/PopupMenuArrowRight' (000000000983fb60) of type: BasicImage
30/04/2017 21:25:32 (Std) 	[ImageManager] Created image: 'TaharezLook/PopupMenuArrowLeft' (000000000983f6e0) of type: BasicImage
30/04/2017 21:25:32 (Std) 	[ImageManager] Created image: 'TaharezLook/TreeListClosed' (0000000009840340) of type: BasicImage
30/04/2017 21:25:32 (Std) 	[ImageManager] Created image: 'TaharezLook/TreeListOpened' (000000000983fec0) of type: BasicImage
30/04/2017 21:25:32 (Std) 	[ImageManager] Created image: 'TaharezLook/UpArrow' (000000000983fc80) of type: BasicImage
30/04/2017 21:25:32 (Std) 	===== Falagard 'root' element: look and feel parsing begins =====
30/04/2017 21:25:32 (Std) 	===== Look and feel parsing completed =====
30/04/2017 21:25:32 (Std) 	No window renderer factories specified for module 'CEGUICoreWindowRendererSet' - adding all available factories...
30/04/2017 21:25:32 (Std) 	Created WindowRendererFactory for 'Core/Button' WindowRenderers.
30/04/2017 21:25:32 (Std) 	WindowRendererFactory 'Core/Button' added. (00000000098375e0)
30/04/2017 21:25:32 (Std) 	Created WindowRendererFactory for 'Core/Default' WindowRenderers.
30/04/2017 21:25:32 (Std) 	WindowRendererFactory 'Core/Default' added. (0000000009837ee0)
30/04/2017 21:25:32 (Std) 	Created WindowRendererFactory for 'Core/Editbox' WindowRenderers.
30/04/2017 21:25:32 (Std) 	WindowRendererFactory 'Core/Editbox' added. (0000000009838120)
30/04/2017 21:25:32 (Std) 	Created WindowRendererFactory for 'Core/FrameWindow' WindowRenderers.
30/04/2017 21:25:32 (Std) 	WindowRendererFactory 'Core/FrameWindow' added. (0000000009837fa0)
30/04/2017 21:25:32 (Std) 	Created WindowRendererFactory for 'Core/ItemEntry' WindowRenderers.
30/04/2017 21:25:32 (Std) 	WindowRendererFactory 'Core/ItemEntry' added. (00000000098381e0)
30/04/2017 21:25:32 (Std) 	Created WindowRendererFactory for 'Core/ListHeader' WindowRenderers.
30/04/2017 21:25:32 (Std) 	WindowRendererFactory 'Core/ListHeader' added. (0000000009837460)
30/04/2017 21:25:32 (Std) 	Created WindowRendererFactory for 'Core/ListHeaderSegment' WindowRenderers.
30/04/2017 21:25:32 (Std) 	WindowRendererFactory 'Core/ListHeaderSegment' added. (0000000009838ae0)
30/04/2017 21:25:32 (Std) 	Created WindowRendererFactory for 'Core/Listbox' WindowRenderers.
30/04/2017 21:25:32 (Std) 	WindowRendererFactory 'Core/Listbox' added. (0000000009837520)
30/04/2017 21:25:32 (Std) 	Created WindowRendererFactory for 'Core/Menubar' WindowRenderers.
30/04/2017 21:25:32 (Std) 	WindowRendererFactory 'Core/Menubar' added. (00000000098385a0)
30/04/2017 21:25:32 (Std) 	Created WindowRendererFactory for 'Core/MenuItem' WindowRenderers.
30/04/2017 21:25:32 (Std) 	WindowRendererFactory 'Core/MenuItem' added. (0000000009838960)
30/04/2017 21:25:32 (Std) 	Created WindowRendererFactory for 'Core/MultiColumnList' WindowRenderers.
30/04/2017 21:25:32 (Std) 	WindowRendererFactory 'Core/MultiColumnList' added. (0000000000950da0)
30/04/2017 21:25:32 (Std) 	Created WindowRendererFactory for 'Core/MultiLineEditbox' WindowRenderers.
30/04/2017 21:25:32 (Std) 	WindowRendererFactory 'Core/MultiLineEditbox' added. (0000000009838a20)
30/04/2017 21:25:32 (Std) 	Created WindowRendererFactory for 'Core/PopupMenu' WindowRenderers.
30/04/2017 21:25:32 (Std) 	WindowRendererFactory 'Core/PopupMenu' added. (0000000000950320)
30/04/2017 21:25:32 (Std) 	Created WindowRendererFactory for 'Core/ProgressBar' WindowRenderers.
30/04/2017 21:25:32 (Std) 	WindowRendererFactory 'Core/ProgressBar' added. (00000000097d6e10)
30/04/2017 21:25:32 (Std) 	Created WindowRendererFactory for 'Core/ScrollablePane' WindowRenderers.
30/04/2017 21:25:32 (Std) 	WindowRendererFactory 'Core/ScrollablePane' added. (00000000097d6ed0)
30/04/2017 21:25:32 (Std) 	Created WindowRendererFactory for 'Core/Scrollbar' WindowRenderers.
30/04/2017 21:25:32 (Std) 	WindowRendererFactory 'Core/Scrollbar' added. (00000000097d6750)
30/04/2017 21:25:32 (Std) 	Created WindowRendererFactory for 'Core/Slider' WindowRenderers.
30/04/2017 21:25:32 (Std) 	WindowRendererFactory 'Core/Slider' added. (00000000097d6b10)
30/04/2017 21:25:32 (Std) 	Created WindowRendererFactory for 'Core/Static' WindowRenderers.
30/04/2017 21:25:32 (Std) 	WindowRendererFactory 'Core/Static' added. (00000000097d6810)
30/04/2017 21:25:32 (Std) 	Created WindowRendererFactory for 'Core/StaticImage' WindowRenderers.
30/04/2017 21:25:32 (Std) 	WindowRendererFactory 'Core/StaticImage' added. (00000000097d7050)
30/04/2017 21:25:32 (Std) 	Created WindowRendererFactory for 'Core/StaticText' WindowRenderers.
30/04/2017 21:25:32 (Std) 	WindowRendererFactory 'Core/StaticText' added. (00000000097d6690)
30/04/2017 21:25:32 (Std) 	Created WindowRendererFactory for 'Core/TabButton' WindowRenderers.
30/04/2017 21:25:32 (Std) 	WindowRendererFactory 'Core/TabButton' added. (00000000097d7110)
30/04/2017 21:25:32 (Std) 	Created WindowRendererFactory for 'Core/TabControl' WindowRenderers.
30/04/2017 21:25:32 (Std) 	WindowRendererFactory 'Core/TabControl' added. (00000000097d6f90)
30/04/2017 21:25:32 (Std) 	Created WindowRendererFactory for 'Core/Titlebar' WindowRenderers.
30/04/2017 21:25:32 (Std) 	WindowRendererFactory 'Core/Titlebar' added. (00000000097d6390)
30/04/2017 21:25:32 (Std) 	Created WindowRendererFactory for 'Core/ToggleButton' WindowRenderers.
30/04/2017 21:25:32 (Std) 	WindowRendererFactory 'Core/ToggleButton' added. (00000000097d71d0)
30/04/2017 21:25:32 (Std) 	Created WindowRendererFactory for 'Core/Tooltip' WindowRenderers.
30/04/2017 21:25:32 (Std) 	WindowRendererFactory 'Core/Tooltip' added. (00000000097d68d0)
30/04/2017 21:25:32 (Std) 	Created WindowRendererFactory for 'Core/ItemListbox' WindowRenderers.
30/04/2017 21:25:32 (Std) 	WindowRendererFactory 'Core/ItemListbox' added. (00000000097d6c90)
30/04/2017 21:25:32 (Std) 	Created WindowRendererFactory for 'Core/Tree' WindowRenderers.
30/04/2017 21:25:32 (Std) 	WindowRendererFactory 'Core/Tree' added. (00000000097d6450)
30/04/2017 21:25:32 (Std) 	Creating falagard mapping for type 'TaharezLook/Label' using base type 'DefaultWindow', window renderer 'Core/Default' Look'N'Feel 'TaharezLook/Label' and RenderEffect ''. (000000000088c810)
30/04/2017 21:25:32 (Std) 	Creating falagard mapping for type 'TaharezLook/Button' using base type 'CEGUI/PushButton', window renderer 'Core/Button' Look'N'Feel 'TaharezLook/Button' and RenderEffect ''. (000000000088c810)
30/04/2017 21:25:32 (Std) 	Creating falagard mapping for type 'TaharezLook/Checkbox' using base type 'CEGUI/ToggleButton', window renderer 'Core/ToggleButton' Look'N'Feel 'TaharezLook/Checkbox' and RenderEffect ''. (000000000088c810)
30/04/2017 21:25:32 (Std) 	Creating falagard mapping for type 'TaharezLook/ImageButton' using base type 'CEGUI/PushButton', window renderer 'Core/Button' Look'N'Feel 'TaharezLook/ImageButton' and RenderEffect ''. (000000000088c810)
30/04/2017 21:25:32 (Std) 	Creating falagard mapping for type 'TaharezLook/RadioButton' using base type 'CEGUI/RadioButton', window renderer 'Core/ToggleButton' Look'N'Feel 'TaharezLook/RadioButton' and RenderEffect ''. (000000000088c810)
30/04/2017 21:25:32 (Std) 	Creating falagard mapping for type 'TaharezLook/FrameWindow' using base type 'CEGUI/FrameWindow', window renderer 'Core/FrameWindow' Look'N'Feel 'TaharezLook/FrameWindow' and RenderEffect ''. (000000000088c810)
30/04/2017 21:25:32 (Std) 	Creating falagard mapping for type 'TaharezLook/Titlebar' using base type 'CEGUI/Titlebar', window renderer 'Core/Titlebar' Look'N'Feel 'TaharezLook/Titlebar' and RenderEffect ''. (000000000088c810)
30/04/2017 21:25:32 (Std) 	Creating falagard mapping for type 'TaharezLook/Editbox' using base type 'CEGUI/Editbox', window renderer 'Core/Editbox' Look'N'Feel 'TaharezLook/Editbox' and RenderEffect ''. (000000000088c810)
30/04/2017 21:25:32 (Std) 	Creating falagard mapping for type 'TaharezLook/MultiLineEditbox' using base type 'CEGUI/MultiLineEditbox', window renderer 'Core/MultiLineEditbox' Look'N'Feel 'TaharezLook/MultiLineEditbox' and RenderEffect ''. (000000000088c810)
30/04/2017 21:25:32 (Std) 	Creating falagard mapping for type 'TaharezLook/Menubar' using base type 'CEGUI/Menubar', window renderer 'Core/Menubar' Look'N'Feel 'TaharezLook/Menubar' and RenderEffect ''. (000000000088c810)
30/04/2017 21:25:32 (Std) 	Creating falagard mapping for type 'TaharezLook/PopupMenu' using base type 'CEGUI/PopupMenu', window renderer 'Core/PopupMenu' Look'N'Feel 'TaharezLook/PopupMenu' and RenderEffect ''. (000000000088c810)
30/04/2017 21:25:32 (Std) 	Creating falagard mapping for type 'TaharezLook/MenuItem' using base type 'CEGUI/MenuItem', window renderer 'Core/MenuItem' Look'N'Feel 'TaharezLook/MenuItem' and RenderEffect ''. (000000000088c810)
30/04/2017 21:25:32 (Std) 	Creating falagard mapping for type 'TaharezLook/AlternateProgressBar' using base type 'CEGUI/ProgressBar', window renderer 'Core/ProgressBar' Look'N'Feel 'TaharezLook/AltProgressBar' and RenderEffect ''. (000000000088c810)
30/04/2017 21:25:32 (Std) 	Creating falagard mapping for type 'TaharezLook/ProgressBar' using base type 'CEGUI/ProgressBar', window renderer 'Core/ProgressBar' Look'N'Feel 'TaharezLook/ProgressBar' and RenderEffect ''. (000000000088c810)
30/04/2017 21:25:32 (Std) 	Creating falagard mapping for type 'TaharezLook/VUMeter' using base type 'CEGUI/ProgressBar', window renderer 'Core/ProgressBar' Look'N'Feel 'TaharezLook/VUMeter' and RenderEffect ''. (000000000088c810)
30/04/2017 21:25:32 (Std) 	Creating falagard mapping for type 'TaharezLook/VerticalScrollbar' using base type 'CEGUI/Scrollbar', window renderer 'Core/Scrollbar' Look'N'Feel 'TaharezLook/VerticalScrollbar' and RenderEffect ''. (000000000088c810)
30/04/2017 21:25:32 (Std) 	Creating falagard mapping for type 'TaharezLook/HorizontalScrollbar' using base type 'CEGUI/Scrollbar', window renderer 'Core/Scrollbar' Look'N'Feel 'TaharezLook/HorizontalScrollbar' and RenderEffect ''. (000000000088c810)
30/04/2017 21:25:32 (Std) 	Creating falagard mapping for type 'TaharezLook/VerticalScrollbarThumb' using base type 'CEGUI/Thumb', window renderer 'Core/Button' Look'N'Feel 'TaharezLook/VerticalScrollbarThumb' and RenderEffect ''. (000000000088c810)
30/04/2017 21:25:32 (Std) 	Creating falagard mapping for type 'TaharezLook/HorizontalScrollbarThumb' using base type 'CEGUI/Thumb', window renderer 'Core/Button' Look'N'Feel 'TaharezLook/HorizontalScrollbarThumb' and RenderEffect ''. (000000000088c810)
30/04/2017 21:25:32 (Std) 	Creating falagard mapping for type 'TaharezLook/LargeVerticalScrollbar' using base type 'CEGUI/Scrollbar', window renderer 'Core/Scrollbar' Look'N'Feel 'TaharezLook/LargeVerticalScrollbar' and RenderEffect ''. (000000000088c810)
30/04/2017 21:25:32 (Std) 	Creating falagard mapping for type 'TaharezLook/LargeVerticalScrollbarThumb' using base type 'CEGUI/Thumb', window renderer 'Core/Button' Look'N'Feel 'TaharezLook/LargeVerticalScrollbarThumb' and RenderEffect ''. (000000000088c810)
30/04/2017 21:25:32 (Std) 	Creating falagard mapping for type 'TaharezLook/TabButton' using base type 'CEGUI/TabButton', window renderer 'Core/TabButton' Look'N'Feel 'TaharezLook/TabButton' and RenderEffect ''. (000000000088c810)
30/04/2017 21:25:32 (Std) 	Creating falagard mapping for type 'TaharezLook/TabControl' using base type 'CEGUI/TabControl', window renderer 'Core/TabControl' Look'N'Feel 'TaharezLook/TabControl' and RenderEffect ''. (000000000088c810)
30/04/2017 21:25:32 (Std) 	Creating falagard mapping for type 'TaharezLook/TabContentPane' using base type 'DefaultWindow', window renderer 'Core/Default' Look'N'Feel 'TaharezLook/TabContentPane' and RenderEffect ''. (000000000088c810)
30/04/2017 21:25:32 (Std) 	Creating falagard mapping for type 'TaharezLook/TabButtonPane' using base type 'DefaultWindow', window renderer 'Core/Default' Look'N'Feel 'TaharezLook/TabButtonPane' and RenderEffect ''. (000000000088c810)
30/04/2017 21:25:32 (Std) 	Creating falagard mapping for type 'TaharezLook/ComboDropList' using base type 'CEGUI/ComboDropList', window renderer 'Core/Listbox' Look'N'Feel 'TaharezLook/ComboDropList' and RenderEffect ''. (000000000088c810)
30/04/2017 21:25:32 (Std) 	Creating falagard mapping for type 'TaharezLook/ComboEditbox' using base type 'CEGUI/Editbox', window renderer 'Core/Editbox' Look'N'Feel 'TaharezLook/ComboEditbox' and RenderEffect ''. (000000000088c810)
30/04/2017 21:25:32 (Std) 	Creating falagard mapping for type 'TaharezLook/Combobox' using base type 'CEGUI/Combobox', window renderer 'Core/Default' Look'N'Feel 'TaharezLook/Combobox' and RenderEffect ''. (000000000088c810)
30/04/2017 21:25:32 (Std) 	Creating falagard mapping for type 'TaharezLook/Listbox' using base type 'CEGUI/Listbox', window renderer 'Core/Listbox' Look'N'Feel 'TaharezLook/Listbox' and RenderEffect ''. (000000000088c810)
30/04/2017 21:25:32 (Std) 	Creating falagard mapping for type 'TaharezLook/ListHeader' using base type 'CEGUI/ListHeader', window renderer 'Core/ListHeader' Look'N'Feel 'TaharezLook/ListHeader' and RenderEffect ''. (000000000088c810)
30/04/2017 21:25:32 (Std) 	Creating falagard mapping for type 'TaharezLook/ListHeaderSegment' using base type 'CEGUI/ListHeaderSegment', window renderer 'Core/ListHeaderSegment' Look'N'Feel 'TaharezLook/ListHeaderSegment' and RenderEffect ''. (000000000088c810)
30/04/2017 21:25:32 (Std) 	Creating falagard mapping for type 'TaharezLook/MultiColumnList' using base type 'CEGUI/MultiColumnList', window renderer 'Core/MultiColumnList' Look'N'Feel 'TaharezLook/MultiColumnList' and RenderEffect ''. (000000000088c810)
30/04/2017 21:25:32 (Std) 	Creating falagard mapping for type 'TaharezLook/Slider' using base type 'CEGUI/Slider', window renderer 'Core/Slider' Look'N'Feel 'TaharezLook/Slider' and RenderEffect ''. (000000000088c810)
30/04/2017 21:25:32 (Std) 	Creating falagard mapping for type 'TaharezLook/SliderThumb' using base type 'CEGUI/Thumb', window renderer 'Core/Button' Look'N'Feel 'TaharezLook/SliderThumb' and RenderEffect ''. (000000000088c810)
30/04/2017 21:25:32 (Std) 	Creating falagard mapping for type 'TaharezLook/ScrollablePane' using base type 'CEGUI/ScrollablePane', window renderer 'Core/ScrollablePane' Look'N'Feel 'TaharezLook/ScrollablePane' and RenderEffect ''. (000000000088c810)
30/04/2017 21:25:32 (Std) 	Creating falagard mapping for type 'TaharezLook/Spinner' using base type 'CEGUI/Spinner', window renderer 'Core/Default' Look'N'Feel 'TaharezLook/Spinner' and RenderEffect ''. (000000000088c810)
30/04/2017 21:25:32 (Std) 	Creating falagard mapping for type 'TaharezLook/Tooltip' using base type 'CEGUI/Tooltip', window renderer 'Core/Tooltip' Look'N'Feel 'TaharezLook/Tooltip' and RenderEffect ''. (000000000088c810)
30/04/2017 21:25:32 (Std) 	Creating falagard mapping for type 'TaharezLook/StaticImage' using base type 'DefaultWindow', window renderer 'Core/StaticImage' Look'N'Feel 'TaharezLook/StaticImage' and RenderEffect ''. (000000000088c810)
30/04/2017 21:25:32 (Std) 	Creating falagard mapping for type 'TaharezLook/StaticText' using base type 'DefaultWindow', window renderer 'Core/StaticText' Look'N'Feel 'TaharezLook/StaticText' and RenderEffect ''. (000000000088c810)
30/04/2017 21:25:32 (Std) 	Creating falagard mapping for type 'TaharezLook/ItemListbox' using base type 'CEGUI/ItemListbox', window renderer 'Core/ItemListbox' Look'N'Feel 'TaharezLook/ItemListbox' and RenderEffect ''. (000000000088c810)
30/04/2017 21:25:32 (Std) 	Creating falagard mapping for type 'TaharezLook/ListboxItem' using base type 'CEGUI/ItemEntry', window renderer 'Core/ItemEntry' Look'N'Feel 'TaharezLook/ListboxItem' and RenderEffect ''. (000000000088c810)
30/04/2017 21:25:32 (Std) 	Creating falagard mapping for type 'TaharezLook/GroupBox' using base type 'DefaultWindow', window renderer 'Core/Default' Look'N'Feel 'TaharezLook/GroupBox' and RenderEffect ''. (000000000088c810)
30/04/2017 21:25:32 (Std) 	Creating falagard mapping for type 'TaharezLook/Tree' using base type 'CEGUI/Tree', window renderer 'Core/Tree' Look'N'Feel 'TaharezLook/Tree' and RenderEffect ''. (000000000088c810)
30/04/2017 21:25:32 (Std) 	[OgreRenderer] Created texture: _ogre_tt_tex_0
30/04/2017 21:25:32 (Std) 	---- Successfully completed loading of GUI layout from 'myDemo.layout' ----
30/04/2017 21:25:33 (Std) 	[OgreRenderer] Created texture: GreatVibes-16_auto_glyph_images_32
30/04/2017 21:25:33 (Std) 	[OgreRenderer] Created texture: GreatVibes-16_auto_glyph_images_253
