17:00:27: Creating resource group General
17:00:27: Creating resource group Internal
17:00:27: Creating resource group Autodetect
17:00:27: Registering ResourceManager for type Mesh
17:00:27: Registering ResourceManager for type Material
17:00:27: Registering ResourceManager for type Skeleton
17:00:27: XMLMeshSerializer reading mesh data from Trampoline.mesh.xml...
17:00:27: Reading geometry...
17:00:27: Geometry done...
17:00:27: Reading submeshes...
17:00:27: Submeshes done.
17:00:27: XMLMeshSerializer import successful.
17:00:27: Reorganising vertex buffers to automatic layout..
17:00:27: MeshSerializer writing mesh data to stream ...
17:00:27: File header written.
17:00:27: Writing mesh data...
17:00:27: Writing submesh...
17:00:27: Exporting submesh texture aliases...
17:00:27: Submesh texture aliases exported.
17:00:27: Submesh exported.
17:00:27: Exporting bounds information....
17:00:27: Bounds information exported.
17:00:27: Exporting submesh name table...
17:00:27: Submesh name table exported.
17:00:27: Exporting edge lists...
17:00:27: Edge lists exported
17:00:27: Mesh data exported.
17:00:27: MeshSerializer export successful.
17:00:27: Unregistering ResourceManager for type Skeleton
17:00:27: Unregistering ResourceManager for type Material
17:00:27: Unregistering ResourceManager for type Mesh
